Arguments: 
  /usr/local/bin/node /usr/local/Cellar/yarn/1.22.4/libexec/bin/yarn.js add -D parcel@next

PATH: 
  /Users/harveykadyanji/.rvm/gems/ruby-2.6.5/bin:/Users/harveykadyanji/.rvm/gems/ruby-2.6.5@global/bin:/Users/harveykadyanji/.rvm/rubies/ruby-2.6.5/bin:/Users/harveykadyanji/Library/Android/sdk/tools/bin:/Users/harveykadyanji/Library/Android/sdk/tools:/Users/harveykadyanji/Library/Android/sdk/platform-tools:/usr/local/opt/ruby/bin:/usr/local/bin:/usr/bin:/bin:/usr/sbin:/sbin:/Users/harveykadyanji/.rvm/gems/ruby-2.6.5/bin:/Users/harveykadyanji/.rvm/gems/ruby-2.6.5@global/bin:/Users/harveykadyanji/.rvm/rubies/ruby-2.6.5/bin:/Users/harveykadyanji/Library/Android/sdk/tools/bin:/Users/harveykadyanji/Library/Android/sdk/tools:/Users/harveykadyanji/Library/Android/sdk/platform-tools:/usr/local/opt/ruby/bin:/Users/harveykadyanji/.rvm/bin

Yarn version: 
  1.22.4

Node version: 
  12.16.1

Platform: 
  darwin x64

Trace: 
  Error: ENOENT: no such file or directory, copyfile '/Users/harveykadyanji/Library/Caches/Yarn/v6/npm-@iarna-toml-2.2.5-b32366c89b43c6f8cefbdefac778b9c828e3ba8c-integrity/node_modules/@iarna/toml/CHANGELOG.md' -> '/Users/harveykadyanji/NewFlow/Mkondo/webapp/node_modules/@iarna/toml/CHANGELOG.md'

npm manifest: 
  {
    "name": "mkondo",
    "version": "1.0.0",
    "description": "Webapp for music development app",
    "main": "index.js",
    "author": "Harvey Kadyanji et al.",
    "license": "UNLICENSED",
    "private": true,
    "scripts": {
      "start": "parcel serve index.html",
      "build": "parcel build index.html"
    },
    "dependencies": {
      "react": "^17.0.1",
      "react-dom": "^17.0.1"
    }
  }

yarn manifest: 
  No manifest

Lockfile: 
  # THIS IS AN AUTOGENERATED FILE. DO NOT EDIT THIS FILE DIRECTLY.
  # yarn lockfile v1
  
  
  "js-tokens@^3.0.0 || ^4.0.0":
    version "4.0.0"
    resolved "https://registry.yarnpkg.com/js-tokens/-/js-tokens-4.0.0.tgz#19203fb59991df98e3a287050d4647cdeaf32499"
    integrity sha512-RdJUflcE3cUzKiMqQgsCu06FPu9UdIJO0beYbPhHN4k6apgJtifcoCtT9bcxOpYBtpD2kCM6Sbzg4CausW/PKQ==
  
  loose-envify@^1.1.0:
    version "1.4.0"
    resolved "https://registry.yarnpkg.com/loose-envify/-/loose-envify-1.4.0.tgz#71ee51fa7be4caec1a63839f7e682d8132d30caf"
    integrity sha512-lyuxPGr/Wfhrlem2CL/UcnUc1zcqKAImBDzukY7Y5F/yQiNdko6+fRLevlw1HgMySw7f611UIY408EtxRSoK3Q==
    dependencies:
      js-tokens "^3.0.0 || ^4.0.0"
  
  object-assign@^4.1.1:
    version "4.1.1"
    resolved "https://registry.yarnpkg.com/object-assign/-/object-assign-4.1.1.tgz#2109adc7965887cfc05cbbd442cac8bfbb360863"
    integrity sha1-IQmtx5ZYh8/AXLvUQsrIv7s2CGM=
  
  react-dom@^17.0.1:
    version "17.0.1"
    resolved "https://registry.yarnpkg.com/react-dom/-/react-dom-17.0.1.tgz#1de2560474ec9f0e334285662ede52dbc5426fc6"
    integrity sha512-6eV150oJZ9U2t9svnsspTMrWNyHc6chX0KzDeAOXftRa8bNeOKTTfCJ7KorIwenkHd2xqVTBTCZd79yk/lx/Ug==
    dependencies:
      loose-envify "^1.1.0"
      object-assign "^4.1.1"
      scheduler "^0.20.1"
  
  react@^17.0.1:
    version "17.0.1"
    resolved "https://registry.yarnpkg.com/react/-/react-17.0.1.tgz#6e0600416bd57574e3f86d92edba3d9008726127"
    integrity sha512-lG9c9UuMHdcAexXtigOZLX8exLWkW0Ku29qPRU8uhF2R9BN96dLCt0psvzPLlHc5OWkgymP3qwTRgbnw5BKx3w==
    dependencies:
      loose-envify "^1.1.0"
      object-assign "^4.1.1"
  
  scheduler@^0.20.1:
    version "0.20.1"
    resolved "https://registry.yarnpkg.com/scheduler/-/scheduler-0.20.1.tgz#da0b907e24026b01181ecbc75efdc7f27b5a000c"
    integrity sha512-LKTe+2xNJBNxu/QhHvDR14wUXHRQbVY5ZOYpOGWRzhydZUqrLb2JBvLPY7cAqFmqrWuDED0Mjk7013SZiOz6Bw==
    dependencies:
      loose-envify "^1.1.0"
      object-assign "^4.1.1"
